<?xml version="1.0" encoding="UTF-8"?>
<testsuite name="hu.petrik.szuperhosprojekt.BosszualloTest" tests="10" skipped="0" failures="0" errors="0" timestamp="2024-11-04T16:38:51" hostname="ROMÁNPÉCÉ" time="0.042">
  <properties/>
  <testcase name="testToString()" classname="hu.petrik.szuperhosprojekt.BosszualloTest" time="0.018"/>
  <testcase name="legyoziEBatman()" classname="hu.petrik.szuperhosprojekt.BosszualloTest" time="0.004"/>
  <testcase name="isVanEGyengesege()" classname="hu.petrik.szuperhosprojekt.BosszualloTest" time="0.001"/>
  <testcase name="setVanEGyengesege()" classname="hu.petrik.szuperhosprojekt.BosszualloTest" time="0.001"/>
  <testcase name="ImplementsInterfaces()" classname="hu.petrik.szuperhosprojekt.BosszualloTest" time="0.002"/>
  <testcase name="getSzuperero()" classname="hu.petrik.szuperhosprojekt.BosszualloTest" time="0.001"/>
  <testcase name="mekkoraAzEreje()" classname="hu.petrik.szuperhosprojekt.BosszualloTest" time="0.001"/>
  <testcase name="megmentiAVilagot()" classname="hu.petrik.szuperhosprojekt.BosszualloTest" time="0.001"/>
  <testcase name="legyoziEBosszuallo()" classname="hu.petrik.szuperhosprojekt.BosszualloTest" time="0.001"/>
  <testcase name="setSzuperero()" classname="hu.petrik.szuperhosprojekt.BosszualloTest" time="0.001"/>
  <system-out><![CDATA[]]></system-out>
  <system-err><![CDATA[]]></system-err>
</testsuite>
