<?xml version="1.0" encoding="UTF-8"?>
<testsuite name="hu.petrik.szuperhosprojekt.BatmanTest" tests="5" skipped="0" failures="0" errors="0" timestamp="2024-11-04T16:38:51" hostname="ROMÁNPÉCÉ" time="0.008">
  <properties/>
  <testcase name="testToString()" classname="hu.petrik.szuperhosprojekt.BatmanTest" time="0.001"/>
  <testcase name="kutyutKeszit()" classname="hu.petrik.szuperhosprojekt.BatmanTest" time="0.001"/>
  <testcase name="mekkoraAzEreje()" classname="hu.petrik.szuperhosprojekt.BatmanTest" time="0.0"/>
  <testcase name="legyoziE()" classname="hu.petrik.szuperhosprojekt.BatmanTest" time="0.001"/>
  <testcase name="Batman()" classname="hu.petrik.szuperhosprojekt.BatmanTest" time="0.0"/>
  <system-out><![CDATA[]]></system-out>
  <system-err><![CDATA[]]></system-err>
</testsuite>
