<?xml version="1.0" encoding="UTF-8"?>
<testsuite name="hu.petrik.szuperhosprojekt.KepregenyTest" tests="2" skipped="0" failures="0" errors="0" timestamp="2024-11-04T16:38:51" hostname="ROMÁNPÉCÉ" time="0.01">
  <properties/>
  <testcase name="szereplok()" classname="hu.petrik.szuperhosprojekt.KepregenyTest" time="0.002"/>
  <testcase name="szuperhosok()" classname="hu.petrik.szuperhosprojekt.KepregenyTest" time="0.007"/>
  <system-out><![CDATA[]]></system-out>
  <system-err><![CDATA[]]></system-err>
</testsuite>
