<?xml version="1.0" encoding="UTF-8"?>
<testsuite name="hu.petrik.szuperhosprojekt.SzuperhosTest" tests="1" skipped="0" failures="0" errors="0" timestamp="2024-11-04T16:38:51" hostname="ROMÁNPÉCÉ" time="0.0">
  <properties/>
  <testcase name="interfaceMethods()" classname="hu.petrik.szuperhosprojekt.SzuperhosTest" time="0.0"/>
  <system-out><![CDATA[]]></system-out>
  <system-err><![CDATA[]]></system-err>
</testsuite>
